INFO [01-24|20:20:07.443] Disk storage enabled for keystore        dir=datadir/10000/keystore
INFO [01-24|20:20:07.443] Allocated cache and file handles         database=datadir/10000/ft/chaindata cache=768 handles=1024
INFO [01-24|20:20:07.457] Loaded most recent local full block      number=726 hash=2cac6c…b3fb50 td=177775875
INFO [01-24|20:20:07.457] Loaded most recent local fast block      number=726 hash=2cac6c…b3fb50 td=177775875
INFO [01-24|20:20:07.457] Loaded local transaction journal         transactions=0 dropped=0
INFO [01-24|20:20:07.457] Regenerated local transaction journal    transactions=0 accounts=0
INFO [01-24|20:20:07.458] Starting mining operation 
INFO [01-24|20:20:07.458] Transaction pool price threshold updated price=1
INFO [01-24|20:20:07.458] Starting P2P networking 
INFO [01-24|20:20:07.462] UDP listener up                          self=enode://e7db2625682147ebcfb1ea93e22947ce986cb87781e6f3b1686300c2eb476e85d21f720a62ade570150f24069f98603a5627846cfa9c48b8b786733f7f3c7c24@[::]:10000
INFO [01-24|20:20:07.462] start fractal service... 
INFO [01-24|20:20:07.462] RLPx listener up                         self=enode://e7db2625682147ebcfb1ea93e22947ce986cb87781e6f3b1686300c2eb476e85d21f720a62ade570150f24069f98603a5627846cfa9c48b8b786733f7f3c7c24@[::]:10000
INFO [01-24|20:20:07.463] IPC endpoint opened                      url=datadir/10000/ft.ipc
INFO [01-24|20:20:07.464] HTTP endpoint opened                     url=http://0.0.0.0:10001 cors= vhosts=localhost
INFO [01-24|20:20:07.464] WebSocket endpoint opened                url=ws://127.0.0.1:10002
INFO [01-24|20:20:12.002] Mined new block                          producer=ftsystemio number=727 hash=0x3ad4935e26766a79790a229faabcb95852762561c0800e85245d91c8186581a3 time=1548332412000000000 txs=0 gas=0 diff=245205 elapsed=1.635ms
INFO [01-24|20:20:15.002] Mined new block                          producer=ftsystemio number=728 hash=0x853580c2360d84d48689e3c78606807192803dbbaa8166ac12457d58770fd02a time=1548332415000000000 txs=0 gas=0 diff=245206 elapsed=1.319ms
INFO [01-24|20:20:18.002] Mined new block                          producer=ftsystemio number=729 hash=0xce320df48ab34d66c976dfebe51bb864efa2230ce4634829b2579158b0dc3b81 time=1548332418000000000 txs=0 gas=0 diff=245207 elapsed=1.070ms
INFO [01-24|20:20:21.003] Mined new block                          producer=ftsystemio number=730 hash=0x47335be0b5043e9314331c0b7e097fa3cc4934339902984eb453bdc4c866202a time=1548332421000000000 txs=0 gas=0 diff=245208 elapsed=2.098ms
INFO [01-24|20:20:24.003] Mined new block                          producer=ftsystemio number=731 hash=0x64a35b04e52252759690641e1812a35ff801a1cf012507c72364e89ef3dbe3c8 time=1548332424000000000 txs=0 gas=0 diff=245209 elapsed=1.992ms
INFO [01-24|20:20:27.004] Mined new block                          producer=ftsystemio number=732 hash=0xd778068d238b783f9359f3d9a2dfb3e9b653276b86e203237192de04219313eb time=1548332427000000000 txs=0 gas=0 diff=245210 elapsed=2.083ms
INFO [01-24|20:20:30.002] Mined new block                          producer=ftsystemio number=733 hash=0xc635d97b3fde2fc6875301aed1c4e4e97b7ec7fc932bcd9e4ccec7c118f0b081 time=1548332430000000000 txs=0 gas=0 diff=245211 elapsed=1.273ms
INFO [01-24|20:20:33.002] Mined new block                          producer=ftsystemio number=734 hash=0x8b6fb5195b907698d197073e5f1eb8f77affe0756a24ec38dc28d665634830ba time=1548332433000000000 txs=0 gas=0 diff=245212 elapsed=1.443ms
INFO [01-24|20:20:36.001] Mined new block                          producer=ftsystemio number=735 hash=0x981f87da4b1a8986e5b5c82ed888bcb1ae74d539812684c5f85475e1c66597bd time=1548332436000000000 txs=0 gas=0 diff=245213 elapsed=624.735µs
INFO [01-24|20:20:39.002] Mined new block                          producer=ftsystemio number=736 hash=0x4f5e567864caa3288bc5e17b3d42a9321ed8e4e12a1cf99a07e6fc208371981d time=1548332439000000000 txs=0 gas=0 diff=245214 elapsed=1.245ms
INFO [01-24|20:20:42.003] Mined new block                          producer=ftsystemio number=737 hash=0x709cf4f6fe59a58b0a5328c2d653ff0417ddc806f3dac7cfb798d64d0a189d2f time=1548332442000000000 txs=0 gas=0 diff=245215 elapsed=1.382ms
INFO [01-24|20:20:45.004] Mined new block                          producer=ftsystemio number=738 hash=0x14e1cd3ffdbd2df619b2f0cb7bf01e422ca18d22cce29bf57ebae267d76e586f time=1548332445000000000 txs=0 gas=0 diff=245216 elapsed=1.748ms
INFO [01-24|20:20:48.005] Mined new block                          producer=ftsystemio number=739 hash=0xa9899d7daf31a40c528989502b27a8bd083ab84aea4f2b51db17e71fd79ca54e time=1548332448000000000 txs=0 gas=0 diff=245217 elapsed=799.413µs
INFO [01-24|20:20:51.004] Mined new block                          producer=ftsystemio number=740 hash=0x209d53b7abf57916c88faf1c721a3911e9b495e87b74d7b7072a5332985f93b0 time=1548332451000000000 txs=0 gas=0 diff=245218 elapsed=3.398ms
INFO [01-24|20:20:54.002] Mined new block                          producer=ftsystemio number=741 hash=0xdf995000035fd1c0672e9684c54a1ad067772bd467b9675c935b17ebb5f784b4 time=1548332454000000000 txs=0 gas=0 diff=245219 elapsed=1.254ms
INFO [01-24|20:20:57.003] Mined new block                          producer=ftsystemio number=742 hash=0x56dad979499544c3738f89ea49d626cc77779a88ba9e4a310cad13f5e694626b time=1548332457000000000 txs=0 gas=0 diff=245220 elapsed=1.191ms
INFO [01-24|20:21:00.003] Mined new block                          producer=ftsystemio number=743 hash=0xd0e8345a7bc9992a48652861e08f1be14f38ac83d6f17fea96bde1c31a3ea676 time=1548332460000000000 txs=0 gas=0 diff=245221 elapsed=1.660ms
INFO [01-24|20:21:03.002] Mined new block                          producer=ftsystemio number=744 hash=0x47f9bc96a2e2e5fa2e0e188a086cef2c1cdaee85dd98051f4df7391dbaad2f83 time=1548332463000000000 txs=0 gas=0 diff=245222 elapsed=1.673ms
INFO [01-24|20:21:06.001] Mined new block                          producer=ftsystemio number=745 hash=0x31c1ca6bc2f460a90b300cbe9647a5dc83897cd01ccbc47d02d3fb932d2ab6d5 time=1548332466000000000 txs=0 gas=0 diff=245223 elapsed=891.034µs
INFO [01-24|20:21:09.001] Mined new block                          producer=ftsystemio number=746 hash=0x3895fb82d1d7aa5cda7b45977bb98fcc4ab1ddbd3eab1fef4398ca87e8227252 time=1548332469000000000 txs=0 gas=0 diff=245224 elapsed=1.184ms
INFO [01-24|20:21:12.001] Mined new block                          producer=ftsystemio number=747 hash=0x0d361cfb5a05dd1dbed8d62104242e4647a1d0dcf6186ea86dc035831af3e6f0 time=1548332472000000000 txs=0 gas=0 diff=245225 elapsed=1.184ms
INFO [01-24|20:21:15.001] Mined new block                          producer=ftsystemio number=748 hash=0xf1efceb6e408585302bda601151126cf856039b27cca517c7ddbcbf36d74a74f time=1548332475000000000 txs=0 gas=0 diff=245226 elapsed=760.022µs
INFO [01-24|20:21:18.003] Mined new block                          producer=ftsystemio number=749 hash=0xf56f2e1b8af02ac09a80268e4adfda8c3b6985cc258bd5134e4c5aade22b35b0 time=1548332478000000000 txs=0 gas=0 diff=245227 elapsed=2.364ms
INFO [01-24|20:21:21.003] Mined new block                          producer=ftsystemio number=750 hash=0x3da2e0a86443bcd5dd7c93967e18b6ff79096ab8c72f4e81e2ac763f958872ae time=1548332481000000000 txs=0 gas=0 diff=245228 elapsed=2.686ms
INFO [01-24|20:21:24.001] Mined new block                          producer=ftsystemio number=751 hash=0xbc3f0b05fb229506225ba79901eb8e1135b62330b1ac2b6201d8994c119ffbce time=1548332484000000000 txs=0 gas=0 diff=245229 elapsed=960.238µs
INFO [01-24|20:21:27.002] Mined new block                          producer=ftsystemio number=752 hash=0xf050176b6ad357b60c3a16bd83625316e6aec1989dc3457b9132ca6bd80c7b9f time=1548332487000000000 txs=0 gas=0 diff=245230 elapsed=1.063ms
INFO [01-24|20:21:30.001] Mined new block                          producer=ftsystemio number=753 hash=0xb1dc6f09f293524fe88eac5d1029d797b2aaae11817709dec085e3f3893084ce time=1548332490000000000 txs=0 gas=0 diff=245231 elapsed=1.044ms
INFO [01-24|20:21:33.002] Mined new block                          producer=ftsystemio number=754 hash=0xaffd59e943bdbf0cc6b12916e35d3f9aad38162f4957dbc67052d9c617a073ec time=1548332493000000000 txs=0 gas=0 diff=245232 elapsed=2.148ms
INFO [01-24|20:21:36.005] Mined new block                          producer=ftsystemio number=755 hash=0x4ccf3d9127fc20454258c7b07a0e7063c9a56828c5253badff8131d9fa89bf9f time=1548332496000000000 txs=0 gas=0 diff=245233 elapsed=709.131µs
INFO [01-24|20:21:39.003] Mined new block                          producer=ftsystemio number=756 hash=0xdf7f46ea9f134f07eee71ffe8f6ca93226d172276c0e3d57811b834a5cd64065 time=1548332499000000000 txs=0 gas=0 diff=245234 elapsed=1.373ms
INFO [01-24|20:21:42.001] Mined new block                          producer=ftsystemio number=757 hash=0xb398a87d105b364c53d1d8c66c4372f4c9b7f33abd8f2ed899844cb7363babf2 time=1548332502000000000 txs=0 gas=0 diff=245235 elapsed=1.186ms
INFO [01-24|20:21:45.003] Mined new block                          producer=ftsystemio number=758 hash=0x9012a81a027f3ad94c4ab05df38e5ceb62f5441032880e95e87fbf097011981a time=1548332505000000000 txs=0 gas=0 diff=245236 elapsed=2.706ms
INFO [01-24|20:21:48.002] Mined new block                          producer=ftsystemio number=759 hash=0xdf179f24bf993b2a6d054c0d8fcdec0a7ae322a1db598a8ce83a6e8d1926fa1b time=1548332508000000000 txs=0 gas=0 diff=245237 elapsed=1.612ms
INFO [01-24|20:21:51.002] Mined new block                          producer=ftsystemio number=760 hash=0x5f4ba80612cfe781d4e00f4d5cf229aaec7c0f5ecc096a908ec0b0f8ddbac0e6 time=1548332511000000000 txs=0 gas=0 diff=245238 elapsed=1.674ms
INFO [01-24|20:21:54.003] Mined new block                          producer=ftsystemio number=761 hash=0x629b021da772bc7785bad01ae0edda56f8eb74aef4701e6453f0c1fe22ae8267 time=1548332514000000000 txs=0 gas=0 diff=245239 elapsed=2.001ms
INFO [01-24|20:21:57.002] Mined new block                          producer=ftsystemio number=762 hash=0xec326c4ccfee6afd56685e19757b6b1b926c51747421273868df15d3ce4b7a25 time=1548332517000000000 txs=0 gas=0 diff=245240 elapsed=890.062µs
INFO [01-24|20:22:00.002] Mined new block                          producer=ftsystemio number=763 hash=0xa36b49a524a7474e1b7ff180402a6ba62c9f7d17b3a8cb653ac901f786bbe1bc time=1548332520000000000 txs=0 gas=0 diff=245241 elapsed=1.034ms
INFO [01-24|20:22:03.003] Mined new block                          producer=ftsystemio number=764 hash=0x83dfed3769ac144eb0c007267ceb8b87a93cc27ade99814a8b10f589e04db5d7 time=1548332523000000000 txs=0 gas=0 diff=245242 elapsed=3.230ms
INFO [01-24|20:22:06.004] Mined new block                          producer=ftsystemio number=765 hash=0xe35a1acae3ccec8b1d0c300368b95d631dd37cacadef4f038031a9c190685e75 time=1548332526000000000 txs=0 gas=0 diff=245243 elapsed=1.341ms
INFO [01-24|20:22:09.003] Mined new block                          producer=ftsystemio number=766 hash=0x96fa5025c9b97a6d1bdf98ccccbefd2c82312b3e28dd479083381737b9cb7a79 time=1548332529000000000 txs=0 gas=0 diff=245244 elapsed=1.281ms
INFO [01-24|20:22:12.001] Mined new block                          producer=ftsystemio number=767 hash=0x945fb44e7c1beec772328f4894a2e89bb8b60369d7f51e592f21fe4ce40db8c7 time=1548332532000000000 txs=0 gas=0 diff=245245 elapsed=1.006ms
INFO [01-24|20:22:15.002] Mined new block                          producer=ftsystemio number=768 hash=0xfc5fdbad40c69b5cb7daf8317260b74b64d34df971884a9c68a0ad91d5d9520d time=1548332535000000000 txs=0 gas=0 diff=245246 elapsed=1.402ms
INFO [01-24|20:22:18.001] Mined new block                          producer=ftsystemio number=769 hash=0x2ed95f20ecd6cb8ea154d22fa5dd7e5bcc8d35a238d78e413ffb923f25e516b9 time=1548332538000000000 txs=0 gas=0 diff=245247 elapsed=1.163ms
INFO [01-24|20:22:21.002] Mined new block                          producer=ftsystemio number=770 hash=0x0a5696d3ba49ca062559b49b45fe20be0cfa561f5ba9b5732c017b85d02e99e6 time=1548332541000000000 txs=0 gas=0 diff=245248 elapsed=1.638ms
INFO [01-24|20:22:24.001] Mined new block                          producer=ftsystemio number=771 hash=0x161f23e35087b4faff6d8ac3aa4baa6682b04a566fcd4c8e9053f94f6619e402 time=1548332544000000000 txs=0 gas=0 diff=245249 elapsed=1.238ms
INFO [01-24|20:22:27.002] Mined new block                          producer=ftsystemio number=772 hash=0x680d1e6062df8b74be233eab864571821657c1ada28eda3cf90642202ff7ed40 time=1548332547000000000 txs=0 gas=0 diff=245250 elapsed=1.013ms
INFO [01-24|20:22:30.004] Mined new block                          producer=ftsystemio number=773 hash=0xe0e23f19f45ac44c8700952c05ba5b8ea07f2f7dbd73bbe650d2ade87feb6f45 time=1548332550000000000 txs=0 gas=0 diff=245251 elapsed=1.367ms
INFO [01-24|20:22:33.003] Mined new block                          producer=ftsystemio number=774 hash=0x44e8c4d47b56fa188f36967eb120f14f642d2cea64b15f4aa05a084de28b2e80 time=1548332553000000000 txs=0 gas=0 diff=245252 elapsed=2.318ms
INFO [01-24|20:22:36.001] Mined new block                          producer=ftsystemio number=775 hash=0x6dd4698d40eaa0c81e42ba07d3766d0f2fded62e6851c07bc0f26b0d596a2d78 time=1548332556000000000 txs=0 gas=0 diff=245253 elapsed=880.134µs
INFO [01-24|20:22:39.001] Mined new block                          producer=ftsystemio number=776 hash=0x4f04efcf277b22fe715f83da1a24c83ccf32513e54ee534ec0b9afefd35dbaf1 time=1548332559000000000 txs=0 gas=0 diff=245254 elapsed=642.365µs
INFO [01-24|20:22:42.001] Mined new block                          producer=ftsystemio number=777 hash=0xf5335aecd0b2327c5687e439fb542ecad5c0e44d1962706c1a26bcb6bf2e6e48 time=1548332562000000000 txs=0 gas=0 diff=245255 elapsed=1.007ms
INFO [01-24|20:22:45.001] Mined new block                          producer=ftsystemio number=778 hash=0xa83df412c7dfb07e0c8c2a5b03e3744d31e09ea3f4005c44ac91f010f39172bb time=1548332565000000000 txs=0 gas=0 diff=245256 elapsed=1.221ms
INFO [01-24|20:22:48.000] Mined new block                          producer=ftsystemio number=779 hash=0x7f68f1eaccdae76472e9b05ab03c204ce1da0974327d32c1ce31a3f258cd09f9 time=1548332568000000000 txs=0 gas=0 diff=245257 elapsed=581.009µs
INFO [01-24|20:22:51.001] Mined new block                          producer=ftsystemio number=780 hash=0xc31292d092fd2041fafd53225fc218e536375ccde4849067a0f6fd5b40c7aa7f time=1548332571000000000 txs=0 gas=0 diff=245258 elapsed=782.444µs
INFO [01-24|20:22:54.002] Mined new block                          producer=ftsystemio number=781 hash=0x5250a0b225a2b0207138ebb4b80be41ba3f82cce75fd68477538f15aae50f1cc time=1548332574000000000 txs=0 gas=0 diff=245259 elapsed=1.551ms
INFO [01-24|20:22:57.001] Mined new block                          producer=ftsystemio number=782 hash=0x29b1e227e998c96c5db818a34baacb6fc9c83739cc13d40ea611f7d0be411116 time=1548332577000000000 txs=0 gas=0 diff=245260 elapsed=657.432µs
INFO [01-24|20:23:00.002] Mined new block                          producer=ftsystemio number=783 hash=0x7b6480732ad9577dc94a6a3d708680081f09314f4bd000c3620983545869a789 time=1548332580000000000 txs=0 gas=0 diff=245261 elapsed=1.717ms
INFO [01-24|20:23:03.002] Mined new block                          producer=ftsystemio number=784 hash=0xba8436c77d07377eeaae49ed09c7d49ee14f8f1c5b79406c5bc440eea9b09153 time=1548332583000000000 txs=0 gas=0 diff=245262 elapsed=2.030ms
INFO [01-24|20:23:06.004] Mined new block                          producer=ftsystemio number=785 hash=0x6e13d256f4203b20ba781487dd45567436e3d989d7b01c6cf167b290d3ebc8b3 time=1548332586000000000 txs=0 gas=0 diff=245263 elapsed=2.012ms
INFO [01-24|20:23:09.002] Mined new block                          producer=ftsystemio number=786 hash=0x5000199b93e94c24c26b4d04782f6c3fed74e2b6843edc9bbc597a508973e229 time=1548332589000000000 txs=0 gas=0 diff=245264 elapsed=1.327ms
INFO [01-24|20:23:12.002] Mined new block                          producer=ftsystemio number=787 hash=0xd7468e4bd9ee828927f3b02d6ea6d117c5abdc82d0e8aa0f5f26c49aab33944a time=1548332592000000000 txs=0 gas=0 diff=245265 elapsed=1.867ms
INFO [01-24|20:23:15.003] Mined new block                          producer=ftsystemio number=788 hash=0xad4a6de04d637c4e3be1f4c34287cdfd0ebc73be014e1d71678f14bd1823ad43 time=1548332595000000000 txs=0 gas=0 diff=245266 elapsed=1.132ms
INFO [01-24|20:23:18.003] Mined new block                          producer=ftsystemio number=789 hash=0x80d6fc48cafeba3ca2964885680b4abce6e07ab1058a44b7ddf6bbe23c095b64 time=1548332598000000000 txs=0 gas=0 diff=245267 elapsed=1.913ms
INFO [01-24|20:23:21.002] Mined new block                          producer=ftsystemio number=790 hash=0xa08432b5b8844d9a1419c9b7c18f0e20006878dce0e0729ff10f7f6443fa0765 time=1548332601000000000 txs=0 gas=0 diff=245268 elapsed=1.563ms
INFO [01-24|20:23:24.001] Mined new block                          producer=ftsystemio number=791 hash=0xe74e99f953b9b5a9e5377d5147b11e05b0688e5b763f11f1fb4e5601b3e47d26 time=1548332604000000000 txs=0 gas=0 diff=245269 elapsed=1.003ms
INFO [01-24|20:23:27.001] Mined new block                          producer=ftsystemio number=792 hash=0xbcfbf7a9d8bcf139e8fcd0f4be79c7a739e9b11aa404697f47a8646e654fc39e time=1548332607000000000 txs=0 gas=0 diff=245270 elapsed=648.371µs
INFO [01-24|20:23:30.001] Mined new block                          producer=ftsystemio number=793 hash=0x04e9d9c6ca6c269d468ab94b4b67723248ce1d175843e9682b0f8b0db4b01f72 time=1548332610000000000 txs=0 gas=0 diff=245271 elapsed=1.163ms
INFO [01-24|20:23:33.002] Mined new block                          producer=ftsystemio number=794 hash=0x8f990d4a2f5e69b2c475fa2703d89395be229eddb33b1649b9bf045ee7c13895 time=1548332613000000000 txs=0 gas=0 diff=245272 elapsed=1.617ms
INFO [01-24|20:23:36.001] Mined new block                          producer=ftsystemio number=795 hash=0x633607e729b41bac1d17ed1bb42f4c4c247dd6cf36e3b8614ae6e51026d3696f time=1548332616000000000 txs=0 gas=0 diff=245273 elapsed=898.067µs
INFO [01-24|20:23:39.001] Mined new block                          producer=ftsystemio number=796 hash=0x69aac6f83e833502e9f5511555528c3042d6cbf3f369e1855d21b6e511fcd018 time=1548332619000000000 txs=0 gas=0 diff=245274 elapsed=901.763µs
INFO [01-24|20:23:42.002] Mined new block                          producer=ftsystemio number=797 hash=0xf614594dac08504b0245230f90d58ecc0beacc92f98db1fc1c6a6d929b1f4b95 time=1548332622000000000 txs=0 gas=0 diff=245275 elapsed=1.366ms
INFO [01-24|20:23:45.002] Mined new block                          producer=ftsystemio number=798 hash=0xbdb90fd2a11cf7deab57056015cdcfd6dae4e96941e4fcab5a230da11eb8422a time=1548332625000000000 txs=0 gas=0 diff=245276 elapsed=1.240ms
INFO [01-24|20:23:48.002] Mined new block                          producer=ftsystemio number=799 hash=0x3f5fa083754e16f6c75ffeff3d9dc71f7ba15074fff19d0ce5a94a589af5b50f time=1548332628000000000 txs=0 gas=0 diff=245277 elapsed=1.427ms
INFO [01-24|20:23:51.002] Mined new block                          producer=ftsystemio number=800 hash=0x9f5d3790f05f1ca9797dbf326cf90bff837de8284b38699ebfcff70166ee4e4a time=1548332631000000000 txs=0 gas=0 diff=245278 elapsed=1.634ms
INFO [01-24|20:23:54.002] Mined new block                          producer=ftsystemio number=801 hash=0x280d55318d8b1abca45cb58bca899091fa659aac425b3ef49787489bd5e6127b time=1548332634000000000 txs=0 gas=0 diff=245279 elapsed=1.359ms
INFO [01-24|20:23:57.001] Mined new block                          producer=ftsystemio number=802 hash=0xf80f8e926ff2f6105ea625478184b5bd2cf603d513a8693a73c83413eff84bd9 time=1548332637000000000 txs=0 gas=0 diff=245280 elapsed=909.398µs
INFO [01-24|20:24:00.002] Mined new block                          producer=ftsystemio number=803 hash=0x44f49bc09aa724d024b30f45c56bd09d29c8d6624d2024a02762a85f6f891387 time=1548332640000000000 txs=0 gas=0 diff=245281 elapsed=1.916ms
INFO [01-24|20:24:03.004] Mined new block                          producer=ftsystemio number=804 hash=0x18771c9f26bd265beef6af167759bf937db07c1b4a88fcc5af1ed5d88cd5ab4e time=1548332643000000000 txs=0 gas=0 diff=245282 elapsed=2.915ms
INFO [01-24|20:24:06.002] Mined new block                          producer=ftsystemio number=805 hash=0x336e5ad3fcbe82629c53f3bc615bd5b3899989161a146ba0473a5fbf2e3ed972 time=1548332646000000000 txs=0 gas=0 diff=245283 elapsed=1.509ms
INFO [01-24|20:24:09.003] Mined new block                          producer=ftsystemio number=806 hash=0xa82064a6013dfc034082ee592ec5124970786d23a423f566c26cddeb09a6e5c8 time=1548332649000000000 txs=0 gas=0 diff=245284 elapsed=2.143ms
INFO [01-24|20:24:12.006] Mined new block                          producer=ftsystemio number=807 hash=0xbe1e9dbc1e50766c0c6e4389949ff6f7ce115471a33761db752c5af61baf81ed time=1548332652000000000 txs=0 gas=0 diff=245285 elapsed=2.000ms
INFO [01-24|20:24:15.003] Mined new block                          producer=ftsystemio number=808 hash=0xd12ce8f5c43eb7a8a7298932d7dd230abbcc3af341c560f981d3e37da474dd86 time=1548332655000000000 txs=0 gas=0 diff=245286 elapsed=2.418ms
INFO [01-24|20:24:18.001] Mined new block                          producer=ftsystemio number=809 hash=0x0d802b3ec805b18c3c7f55008a33bf5c26ec4d13c8c84ed6608b8de096c0ef39 time=1548332658000000000 txs=0 gas=0 diff=245287 elapsed=697.814µs
INFO [01-24|20:24:21.002] Mined new block                          producer=ftsystemio number=810 hash=0x25ce5fb444f25b08033f538fcde68c25a882622ec0832ade55f4aadeb95b0461 time=1548332661000000000 txs=0 gas=0 diff=245288 elapsed=1.640ms
INFO [01-24|20:24:24.002] Mined new block                          producer=ftsystemio number=811 hash=0x3bb80ef37c38ec5604a84056ee1830aa8039ced7cee6158b02e96b09b83097c9 time=1548332664000000000 txs=0 gas=0 diff=245289 elapsed=1.609ms
INFO [01-24|20:24:27.001] Mined new block                          producer=ftsystemio number=812 hash=0x06ac80f5ed3a4dac8da666acbe983664d33a75d594aa8155f8a2f7e92634216c time=1548332667000000000 txs=0 gas=0 diff=245290 elapsed=798.781µs
INFO [01-24|20:24:30.001] Mined new block                          producer=ftsystemio number=813 hash=0xb59fec696705a9658bcc0f4508a5ff0834b991e75b7622bba5a1ce40128ecd53 time=1548332670000000000 txs=0 gas=0 diff=245291 elapsed=1.264ms
INFO [01-24|20:24:33.004] Mined new block                          producer=ftsystemio number=814 hash=0x5b93742153ef86821731599c4ac6984783e738b77e400d5aefb1d4a7fda75875 time=1548332673000000000 txs=0 gas=0 diff=245292 elapsed=3.469ms
INFO [01-24|20:24:36.004] Mined new block                          producer=ftsystemio number=815 hash=0x62790ef58d92d577585985e0f7db680f4f39d9ad46c987c8948b45dd4b653ede time=1548332676000000000 txs=0 gas=0 diff=245293 elapsed=925.875µs
INFO [01-24|20:24:39.003] Mined new block                          producer=ftsystemio number=816 hash=0x8819076574134e9471cde1b3508a87614d898159ca82dfbb647e021f31e9e02f time=1548332679000000000 txs=0 gas=0 diff=245294 elapsed=1.192ms
INFO [01-24|20:24:42.004] Mined new block                          producer=ftsystemio number=817 hash=0x4ab8c32644c481c758e4972884dd3b9c018af52829747deb044c182920fa58e8 time=1548332682000000000 txs=0 gas=0 diff=245295 elapsed=723.767µs
INFO [01-24|20:24:45.002] Mined new block                          producer=ftsystemio number=818 hash=0x8830dfa04d65c8692eba6cbb93c1616fb91b75df0568088ab209d881e8b046bb time=1548332685000000000 txs=0 gas=0 diff=245296 elapsed=1.358ms
INFO [01-24|20:24:48.002] Mined new block                          producer=ftsystemio number=819 hash=0x5dc5d195aab9a2bec8965f2d53e477e065f0a33563d7175d61dd7a10d768f040 time=1548332688000000000 txs=0 gas=0 diff=245297 elapsed=1.132ms
INFO [01-24|20:24:51.004] Mined new block                          producer=ftsystemio number=820 hash=0xcdebef5659b6891d8e37191e55502b28b981ade7becf482b32d60b5c65e240a9 time=1548332691000000000 txs=0 gas=0 diff=245298 elapsed=647.401µs
INFO [01-24|20:24:54.001] Mined new block                          producer=ftsystemio number=821 hash=0xca7fd90b69f3e24784d0683f9781d28144f31dbb0dc2a4d8c0f9340579d1d673 time=1548332694000000000 txs=0 gas=0 diff=245299 elapsed=1.379ms
INFO [01-24|20:24:57.001] Mined new block                          producer=ftsystemio number=822 hash=0x6d95d034c24fee7d06f63f62ea744ae06944b70b8d6a6a4ba61ee7e35f87d39a time=1548332697000000000 txs=0 gas=0 diff=245300 elapsed=1.278ms
INFO [01-24|20:25:00.001] Mined new block                          producer=ftsystemio number=823 hash=0x45a194d92013c6d035919841f4cafb1da758b6372b0cc783c9e1e04c4d0d29b4 time=1548332700000000000 txs=0 gas=0 diff=245301 elapsed=601.601µs
INFO [01-24|20:25:03.003] Mined new block                          producer=ftsystemio number=824 hash=0x5ad6eb983b02abf561d4df7d1f4a6f0e35ecc9096ae115f1df4f9905317994d8 time=1548332703000000000 txs=0 gas=0 diff=245302 elapsed=2.540ms
INFO [01-24|20:25:06.003] Mined new block                          producer=ftsystemio number=825 hash=0x24d581ea09ae57247dea85003a48c0db66578470b185dae62c307736df1b9309 time=1548332706000000000 txs=0 gas=0 diff=245303 elapsed=1.918ms
INFO [01-24|20:25:09.001] Mined new block                          producer=ftsystemio number=826 hash=0x6a0e406b1a4547b5c509ba15a1949ec935926337126d0a0333f47cbb49a882b6 time=1548332709000000000 txs=0 gas=0 diff=245304 elapsed=1.268ms
INFO [01-24|20:25:12.001] Mined new block                          producer=ftsystemio number=827 hash=0x5653de008906a9f8b6f070a96ba109e69cdd1d8552b5ac6d9f81f75db751f133 time=1548332712000000000 txs=0 gas=0 diff=245305 elapsed=1.171ms
INFO [01-24|20:25:15.003] Mined new block                          producer=ftsystemio number=828 hash=0x08650acf1e27eab7c23fe36d7d56b2c8c37afc9f773caabb57b5015e3924ca2b time=1548332715000000000 txs=0 gas=0 diff=245306 elapsed=1.893ms
INFO [01-24|20:25:18.002] Mined new block                          producer=ftsystemio number=829 hash=0xf35433791f1f30b5d1c5f0dd66557a295ef1be0714643c306f67ba148a706b50 time=1548332718000000000 txs=0 gas=0 diff=245307 elapsed=1.180ms
INFO [01-24|20:25:21.003] Mined new block                          producer=ftsystemio number=830 hash=0x9ea7c1e42c50871ef0d62828f1a838d4b3413b89e6a0c34e5de0b1d64f3d7547 time=1548332721000000000 txs=0 gas=0 diff=245308 elapsed=1.632ms
INFO [01-24|20:25:24.003] Mined new block                          producer=ftsystemio number=831 hash=0x9848de6896bca69b77d38e8055504d3af3c4fdd3996fbd7a642994e87cf3b9be time=1548332724000000000 txs=0 gas=0 diff=245309 elapsed=1.730ms
INFO [01-24|20:25:27.002] Mined new block                          producer=ftsystemio number=832 hash=0xdfb36b00894fb1b1cc8d1cb55fbbe912191b07723ff27b92e193ea980ca1a533 time=1548332727000000000 txs=0 gas=0 diff=245310 elapsed=1.689ms
INFO [01-24|20:25:30.004] Mined new block                          producer=ftsystemio number=833 hash=0x224283a82e08cb2025a36dd952d95d453640b51efc8b0b325e982a8b0eeac534 time=1548332730000000000 txs=0 gas=0 diff=245311 elapsed=1.953ms
INFO [01-24|20:25:33.003] Mined new block                          producer=ftsystemio number=834 hash=0x919c0ea0dff5514df218e1a6ba4812280fa1a6e3219ac0309a0304db58f2c857 time=1548332733000000000 txs=0 gas=0 diff=245312 elapsed=1.141ms
INFO [01-24|20:25:36.002] Mined new block                          producer=ftsystemio number=835 hash=0x8723006b09256256ac9ffcd52b4e0f4acb9202ef8c0234c263bfd4809fd39b21 time=1548332736000000000 txs=0 gas=0 diff=245313 elapsed=1.299ms
INFO [01-24|20:25:39.003] Mined new block                          producer=ftsystemio number=836 hash=0x187d896dc3b79276d813be896478e4006fcae84469057b6bab8b7864a3f443f7 time=1548332739000000000 txs=0 gas=0 diff=245314 elapsed=3.422ms
INFO [01-24|20:25:42.003] Mined new block                          producer=ftsystemio number=837 hash=0xeeb1761a17a5da2cee133f0d41d0b69a8244e8c331ba31162644773ab0e0facf time=1548332742000000000 txs=0 gas=0 diff=245315 elapsed=1.148ms
INFO [01-24|20:25:45.003] Mined new block                          producer=ftsystemio number=838 hash=0xe551b5653a76a7cf278b3074f9280855b734f0c29b4f8e28d7289ff4d976328c time=1548332745000000000 txs=0 gas=0 diff=245316 elapsed=1.865ms
INFO [01-24|20:25:48.001] Mined new block                          producer=ftsystemio number=839 hash=0xb1066cbfdb3401063154d62a4c795f1557a94df0f20ff67500de55f6006e1213 time=1548332748000000000 txs=0 gas=0 diff=245317 elapsed=905.435µs
INFO [01-24|20:25:51.001] Mined new block                          producer=ftsystemio number=840 hash=0x4c4022c996b75db677cf65b58d534f4a31c7d105a775c743f47b8d5e1b0f6cfc time=1548332751000000000 txs=0 gas=0 diff=245318 elapsed=878.398µs
INFO [01-24|20:25:54.002] Mined new block                          producer=ftsystemio number=841 hash=0x6afbf709a3440f0e931e20f7c814cea65ca58d16713e809038af55a0ea0ddc9a time=1548332754000000000 txs=0 gas=0 diff=245319 elapsed=1.547ms
INFO [01-24|20:25:57.001] Mined new block                          producer=ftsystemio number=842 hash=0x3c06ace4d408aec4cf4b9db64f5e20dc0169e22c88423663d868291494c2ed4c time=1548332757000000000 txs=0 gas=0 diff=245320 elapsed=1.172ms
INFO [01-24|20:26:00.003] Mined new block                          producer=ftsystemio number=843 hash=0x822f0dbbda3ff6aada47caa73fbcf798a694c150f20285df3788cafa6c2bad60 time=1548332760000000000 txs=0 gas=0 diff=245321 elapsed=2.252ms
INFO [01-24|20:26:03.003] Mined new block                          producer=ftsystemio number=844 hash=0x173b1e1dfef8e49810a4b23450cf794a79348eb1af651e1631cfd4dfd3235416 time=1548332763000000000 txs=0 gas=0 diff=245322 elapsed=1.930ms
INFO [01-24|20:26:06.003] Mined new block                          producer=ftsystemio number=845 hash=0x89ed7306d5f026e149b892bc11164f9c1f826f502c4dc7b1011a7f5fdcac8858 time=1548332766000000000 txs=0 gas=0 diff=245323 elapsed=1.618ms
INFO [01-24|20:26:09.005] Mined new block                          producer=ftsystemio number=846 hash=0xf4f5ce01740511701c4c42fe9e07cf906752790061831377cf76a19ce8150df8 time=1548332769000000000 txs=0 gas=0 diff=245324 elapsed=945.268µs
INFO [01-24|20:26:12.003] Mined new block                          producer=ftsystemio number=847 hash=0x7f47cff9363c44dc322b3c1e14c801ef02b45614a0dc08a1d93670e97c8e986a time=1548332772000000000 txs=0 gas=0 diff=245325 elapsed=2.424ms
INFO [01-24|20:26:15.004] Mined new block                          producer=ftsystemio number=848 hash=0xadb7fdafa2be0ac8b1cfab130731ea0b1826babe9c96cdb25218d7277492c92a time=1548332775000000000 txs=0 gas=0 diff=245326 elapsed=2.836ms
INFO [01-24|20:26:18.004] Mined new block                          producer=ftsystemio number=849 hash=0x2bcae7c243c7458379c74c80dc43276d53a53537cdfa799c5414567bf7dd5ac0 time=1548332778000000000 txs=0 gas=0 diff=245327 elapsed=2.956ms
INFO [01-24|20:26:21.003] Mined new block                          producer=ftsystemio number=850 hash=0x9f7b7e75e5872fc59f7def86d3938cb8f6d50ebc6206206d0eac2b9f111f214a time=1548332781000000000 txs=0 gas=0 diff=245328 elapsed=1.220ms
INFO [01-24|20:26:24.002] Mined new block                          producer=ftsystemio number=851 hash=0x74fdf0f3bf37ce80fc00e14018e4cadbbdc6d2988922e2133a4970a16a0e6908 time=1548332784000000000 txs=0 gas=0 diff=245329 elapsed=1.138ms
INFO [01-24|20:26:27.002] Mined new block                          producer=ftsystemio number=852 hash=0xcc4f08d631a0638f0c86a2706676a2ebf9427e1f7857809a21d3219d1a854622 time=1548332787000000000 txs=0 gas=0 diff=245330 elapsed=1.390ms
INFO [01-24|20:26:30.003] Mined new block                          producer=ftsystemio number=853 hash=0x7e94665d947fd5a8e15c8c5635c9015e0ee0172031529f42dea157b853e143e1 time=1548332790000000000 txs=0 gas=0 diff=245331 elapsed=2.214ms
INFO [01-24|20:26:33.002] Mined new block                          producer=ftsystemio number=854 hash=0x67fe0e427a5c49e99214e548d2120e20232ad00c18b64af040f86a4b8cd5d615 time=1548332793000000000 txs=0 gas=0 diff=245332 elapsed=1.176ms
INFO [01-24|20:26:36.003] Mined new block                          producer=ftsystemio number=855 hash=0x0390197816f41224428a0b718709050682d420ee1ca0945b4b6b5b825688e367 time=1548332796000000000 txs=0 gas=0 diff=245333 elapsed=2.403ms
INFO [01-24|20:26:39.002] Mined new block                          producer=ftsystemio number=856 hash=0x48c553cb08408d6af732f22ac1c2806f853134ddb7c0bc403497ac6945321f66 time=1548332799000000000 txs=0 gas=0 diff=245334 elapsed=1.470ms
INFO [01-24|20:26:42.002] Mined new block                          producer=ftsystemio number=857 hash=0x6d959fe2d308bd8bde93321b18ecf0291bfda44462b8686e4e1348ac8cf18afc time=1548332802000000000 txs=0 gas=0 diff=245335 elapsed=2.370ms
INFO [01-24|20:26:45.002] Mined new block                          producer=ftsystemio number=858 hash=0xb4bb6c37971eb6c97330e41ecdb19caeb4c61020dfee9390a9aaeb1b6c00efa1 time=1548332805000000000 txs=0 gas=0 diff=245336 elapsed=1.893ms
INFO [01-24|20:26:48.002] Mined new block                          producer=ftsystemio number=859 hash=0x2a0f36ea566ddb3f02699892a815c22faffeaaf7b23c6f238b707b204797b94b time=1548332808000000000 txs=0 gas=0 diff=245337 elapsed=2.187ms
INFO [01-24|20:26:51.002] Mined new block                          producer=ftsystemio number=860 hash=0x2eb65b5c57596514eb91527fe462d81c920dd8b4864b486f0e5a910333172aa6 time=1548332811000000000 txs=0 gas=0 diff=245338 elapsed=1.986ms
INFO [01-24|20:26:54.002] Mined new block                          producer=ftsystemio number=861 hash=0x62f27630eabe9f29615eca437d28c73ff3812365d33d425e4f4069bee1d4b4ec time=1548332814000000000 txs=0 gas=0 diff=245339 elapsed=1.160ms
INFO [01-24|20:26:57.003] Mined new block                          producer=ftsystemio number=862 hash=0xe8752dbac22a5e30be562554b21ec65e540ee280277be9a58de8059a60d2699d time=1548332817000000000 txs=0 gas=0 diff=245340 elapsed=1.727ms
INFO [01-24|20:27:00.002] Mined new block                          producer=ftsystemio number=863 hash=0x9385cbb4e3d76d729987068da8b23fa32463c92e2a3f92353d0c816b082e5612 time=1548332820000000000 txs=0 gas=0 diff=245341 elapsed=1.471ms
INFO [01-24|20:27:03.003] Mined new block                          producer=ftsystemio number=864 hash=0x80d2fe9d6fe99cdad97cd738d8ef9d37ee63dcf6ab73fb9151420c238561fe82 time=1548332823000000000 txs=0 gas=0 diff=245342 elapsed=1.914ms
